<?xml version="1.0" encoding="UTF-8"?>
<testng-results skipped="0" failed="0" ignored="0" total="1" passed="1">
  <reporter-output>
  </reporter-output>
  <suite name="Default suite" duration-ms="1625" started-at="2020-12-24T05:06:24Z" finished-at="2020-12-24T05:06:25Z">
    <groups>
    </groups>
    <test name="Default test" duration-ms="1625" started-at="2020-12-24T05:06:24Z" finished-at="2020-12-24T05:06:25Z">
      <class name="testCases.Tc1_ValidateGet">
        <test-method status="PASS" signature="getWeatherdatails()[pri:0, instance:testCases.Tc1_ValidateGet@55ca8de8]" name="getWeatherdatails" duration-ms="1586" started-at="2020-12-24T05:06:24Z" finished-at="2020-12-24T05:06:25Z">
          <reporter-output>
          </reporter-output>
        </test-method> <!-- getWeatherdatails -->
      </class> <!-- testCases.Tc1_ValidateGet -->
    </test> <!-- Default test -->
  </suite> <!-- Default suite -->
</testng-results>
